<?xml version="1.0" encoding="UTF-8"?>
<!-- Generated by org.testng.reporters.JUnitReportReporter -->
<testsuite skipped="0" hostname="BLRL56411" name="com.amadeus.APIS.RequestAPI" tests="1" failures="0" timestamp="02 Aug 2019 10:35:25 GMT" time="22.689" errors="0">
  <testcase name="requestTest" time="22.689" classname="com.amadeus.APIS.RequestAPI"/>
</testsuite> <!-- com.amadeus.APIS.RequestAPI -->
