<?xml version="1.0" encoding="UTF-8"?>
<!-- Generated by org.testng.reporters.JUnitReportReporter -->
<testsuite hostname="BLRL56411" name="com.amadeus.testScripts.AirCanadaTest" tests="1" failures="0" timestamp="5 Aug 2019 09:35:48 GMT" time="0.001" errors="0">
  <testcase name="launchAirCanada" time="0.001" classname="com.amadeus.testScripts.AirCanadaTest"/>
</testsuite> <!-- com.amadeus.testScripts.AirCanadaTest -->
